<?xml version="1.0" encoding="UTF-8"?>
<!-- Generated by org.testng.reporters.JUnitReportReporter -->
<testsuite hostname="DESKTOP-E771N59" failures="0" tests="1" name="base.BaseClass" time="0.026" errors="0" timestamp="2025-01-29T19:41:40 IST" skipped="0">
  <testcase classname="base.BaseClass" name="loginTest" time="0.026"/>
</testsuite> <!-- base.BaseClass -->
