<?xml version="1.0" encoding="UTF-8"?>
<!-- Generated by org.testng.reporters.JUnitReportReporter -->
<testsuite hostname="DESKTOP-E771N59" failures="0" tests="1" name="base.BaseTest" time="0.020" errors="0" timestamp="2025-01-29T19:53:19 IST" skipped="0">
  <testcase classname="base.BaseTest" name="loginTest" time="0.020"/>
</testsuite> <!-- base.BaseTest -->
